<?xml version="1.0" encoding="UTF-8"?>
<!-- Generated by org.testng.reporters.JUnitReportReporter -->
<testsuite hostname="DAYA" failures="0" tests="1" name="Runner.Runner_FB" time="12.451" errors="0" timestamp="2024-03-12T10:29:54 IST" skipped="0">
  <testcase classname="Runner.Runner_FB" name="fblogin" time="12.451"/>
  <system-out/>
</testsuite> <!-- Runner.Runner_FB -->
