<?xml version="1.0" encoding="UTF-8"?>
<!-- Generated by org.testng.reporters.JUnitReportReporter -->
<testsuite hostname="DAYA" failures="0" tests="1" name="GenericScript.Extent_repo" time="0.604" errors="0" timestamp="2024-03-06T16:52:00 IST" skipped="0">
  <testcase classname="GenericScript.Extent_repo" name="reports1" time="0.604"/>
  <system-out/>
</testsuite> <!-- GenericScript.Extent_repo -->
